In file included from [01m[K/home/ubuntu/ros_project/src/ur5_pkg/src/node.cpp:13[m[K:
[01m[K/home/ubuntu/ros_project/src/ur5_pkg/src/node.cpp:[m[K In function â€˜[01m[Kint call_fk_service(ros::NodeHandle)[m[Kâ€™:
[01m[K/home/ubuntu/ros_project/src/ur5_pkg/include/utils.hpp:27:14:[m[K [01;31m[Kerror: [m[Kexpected primary-expression before â€˜[01m[K=[m[Kâ€™ token
   27 | #define BLUE [01;31m[K=[m[K "\033[0;94m";
      |              [01;31m[K^[m[K
[01m[K/home/ubuntu/ros_project/src/ur5_pkg/src/node.cpp:65:13:[m[K [01;36m[Knote: [m[Kin expansion of macro â€˜[01m[KBLUE[m[Kâ€™
   65 |     cout << [01;36m[KBLUE[m[K << "Joint: " << NC << " [ ";
      |             [01;36m[K^~~~[m[K
[01m[K/home/ubuntu/ros_project/src/ur5_pkg/src/node.cpp:65:18:[m[K [01;31m[Kerror: [m[Kexpected primary-expression before â€˜[01m[K<<[m[Kâ€™ token
   65 |     cout << BLUE [01;31m[K<<[m[K "Joint: " << NC << " [ ";
      |                  [01;31m[K^~[m[K
[01m[K/home/ubuntu/ros_project/src/ur5_pkg/src/node.cpp:65:37:[m[K [01;31m[Kerror: [m[Kexpected primary-expression before â€˜[01m[K<<[m[Kâ€™ token
   65 |     cout << BLUE << "Joint: " << NC [01;31m[K<<[m[K " [ ";
      |                                     [01;31m[K^~[m[K
[01m[K/home/ubuntu/ros_project/src/ur5_pkg/src/node.cpp:67:20:[m[K [01;31m[Kerror: [m[Kbase operand of â€˜[01m[K->[m[Kâ€™ is not a pointer
   67 |         cout << foo[01;31m[K->[m[Kprocess_value << " ";
      |                    [01;31m[K^~[m[K
make[2]: *** [CMakeFiles/node.dir/build.make:63: CMakeFiles/node.dir/src/node.cpp.o] Error 1
make[1]: *** [CMakeFiles/Makefile2:200: CMakeFiles/node.dir/all] Error 2
make: *** [Makefile:141: all] Error 2
