[35m[1mScanning dependencies of target node[0m
[  0%] Built target std_msgs_generate_messages_cpp
[  0%] Built target std_msgs_generate_messages_lisp
[  0%] Built target std_msgs_generate_messages_nodejs
[  9%] [32mBuilding CXX object CMakeFiles/node.dir/src/node.cpp.o[0m
[35m[1mScanning dependencies of target forward_kinematic[0m
[  9%] Built target std_msgs_generate_messages_eus
[  9%] Built target std_msgs_generate_messages_py
[ 18%] [32mBuilding CXX object CMakeFiles/forward_kinematic.dir/src/forward_kinematic.cpp.o[0m
[ 18%] Built target _ur5_pkg_generate_messages_check_deps_ForwardKinematic
[ 27%] Built target ur5_pkg_generate_messages_lisp
[ 36%] Built target ur5_pkg_generate_messages_cpp
[ 45%] Built target ur5_pkg_generate_messages_nodejs
[ 63%] Built target ur5_pkg_generate_messages_eus
[ 81%] Built target ur5_pkg_generate_messages_py
[ 81%] Built target ur5_pkg_generate_messages
[01m[K/home/ubuntu/ros_project/src/ur5_pkg/src/node.cpp:[m[K In function â€˜[01m[Kint call_fk_service(ros::NodeHandle)[m[Kâ€™:
[01m[K/home/ubuntu/ros_project/src/ur5_pkg/src/node.cpp:67:20:[m[K [01;31m[Kerror: [m[Kbase operand of â€˜[01m[K->[m[Kâ€™ is not a pointer
   67 |         cout << foo[01;31m[K->[m[Kprocess_value << " ";
      |                    [01;31m[K^~[m[K
make[2]: *** [CMakeFiles/node.dir/build.make:63: CMakeFiles/node.dir/src/node.cpp.o] Error 1
make[1]: *** [CMakeFiles/Makefile2:200: CMakeFiles/node.dir/all] Error 2
make[1]: *** Waiting for unfinished jobs....
[ 90%] [32m[1mLinking CXX executable /home/ubuntu/ros_project/devel/.private/ur5_pkg/lib/ur5_pkg/forward_kinematic[0m
[ 90%] Built target forward_kinematic
make: *** [Makefile:141: all] Error 2
